TN:
SF:/mnt/c/Users/z00542kh/Desktop/C++_KT/gTest/src/Calculator.cpp
FN:13,16,_ZN10Calculator3addEdd
FN:18,21,_ZN10Calculator8subtractEdd
FN:23,26,_ZN10Calculator8multiplyEdd
FN:28,33,_ZN10Calculator6divideEdd
FN:35,37,_ZNK10Calculator13getLastResultEv
FN:5,7,_ZN10CalculatorC2Ev
FN:9,11,_ZN10CalculatorD2Ev
FNDA:1,_ZN10Calculator3addEdd
FNDA:1,_ZN10Calculator8subtractEdd
FNDA:1,_ZN10Calculator8multiplyEdd
FNDA:2,_ZN10Calculator6divideEdd
FNDA:0,_ZNK10Calculator13getLastResultEv
FNDA:5,_ZN10CalculatorC2Ev
FNDA:5,_ZN10CalculatorD2Ev
FNF:7
FNH:6
DA:5,5
DA:6,5
DA:7,5
DA:9,5
DA:10,5
DA:11,5
DA:13,1
DA:14,1
DA:15,1
DA:18,1
DA:19,1
DA:20,1
DA:23,1
DA:24,1
DA:25,1
DA:28,2
DA:29,2
DA:30,1
DA:31,1
DA:32,1
DA:35,0
DA:36,0
LF:22
LH:20
end_of_record
